INFO:root:This is just for the testing
ERROR:root:Imagine There's a error in the line: 6
WARNING:root:Imagine i trigger a warning
DEBUG:root:Yes Yes Yes
CRITICAL:root:Yes this is a Jojo Reference.
2021-01-24 19:59:24,097
2021-01-24 19:59:24,098
2021-01-24 19:59:24,098
2021-01-24 19:59:24,098
2021-01-24 19:59:24,098
2021-01-24 19:59:56,659 args
2021-01-24 19:59:56,659 args
2021-01-24 19:59:56,661 args
2021-01-24 19:59:56,661 args
2021-01-24 19:59:56,662 args
2021-01-24 20:00:54,204 ()
2021-01-24 20:00:54,205 ()
2021-01-24 20:00:54,205 ()
2021-01-24 20:00:54,205 ()
2021-01-24 20:00:54,205 ()
DEBUG: 2021-01-24 20:01:25,445
INFO: 2021-01-24 20:01:25,446
WARNING: 2021-01-24 20:01:25,447
ERROR: 2021-01-24 20:01:25,447
CRITICAL: 2021-01-24 20:01:25,708
DEBUG: 1611498746.962536
INFO: 1611498746.962536
WARNING: 1611498746.962536
ERROR: 1611498746.962536
CRITICAL: 1611498746.962536
DEBUG: 2021-01-24 20:02:48,269
INFO: 2021-01-24 20:02:48,270
WARNING: 2021-01-24 20:02:48,271
ERROR: 2021-01-24 20:02:48,271
CRITICAL: 2021-01-24 20:02:48,271
DEBUG: 2021-01-24 20:03:25,148 => This is a debug message
INFO: 2021-01-24 20:03:25,149 => This is an info message
WARNING: 2021-01-24 20:03:25,150 => This is a warning message
ERROR: 2021-01-24 20:03:25,150 => This is an error message
CRITICAL: 2021-01-24 20:03:25,150 => This is a critical message
